        -:    0:Source:/mnt/c/Users/rasul/CLionProjects/OOP/Lab2/Tests/source/ComplexForecastTests.cpp
        -:    0:Graph:/mnt/c/Users/rasul/CLionProjects/OOP/Lab2/cmake-build-debug/Tests/CMakeFiles/Tests.dir/source/ComplexForecastTests.cpp.gcno
        -:    0:Data:/mnt/c/Users/rasul/CLionProjects/OOP/Lab2/cmake-build-debug/Tests/CMakeFiles/Tests.dir/source/ComplexForecastTests.cpp.gcda
        -:    0:Runs:1
        -:    1:#include <WeatherReport/ComplexForecast.h>
        -:    2:#include <gtest/gtest.h>
        -:    3:
        4:    4:TEST(ComplexForecastTests, AddForecast) {
        1:    5:    ComplexForecast forecasts;
        2:    6:    SimpleForecast forecast(1234567890, -5.0, 0.0, 5.0, "солнечно", 0.0);
        1:    7:    forecasts.addForecast(forecast);
        -:    8:
       1*:    9:    EXPECT_EQ(forecasts[0].getTimestamp(), 1234567890);
       1*:   10:    EXPECT_FLOAT_EQ(forecasts[0].getMorningTemp(), -5.0);
       1*:   11:    EXPECT_FLOAT_EQ(forecasts[0].getDayTemp(), 0.0);
       1*:   12:    EXPECT_FLOAT_EQ(forecasts[0].getEveningTemp(), 5.0);
        1:   13:}
------------------
_ZN37ComplexForecastTests_AddForecast_TestC2Ev:
function _ZN37ComplexForecastTests_AddForecast_TestC2Ev called 1 returned 100% blocks executed 100%
        1:    4:TEST(ComplexForecastTests, AddForecast) {
        1:    4-block  0
call    0 returned 1
------------------
_ZN37ComplexForecastTests_AddForecast_TestD0Ev:
function _ZN37ComplexForecastTests_AddForecast_TestD0Ev called 1 returned 100% blocks executed 100%
        1:    4:TEST(ComplexForecastTests, AddForecast) {
        1:    4-block  0
call    0 returned 1
call    1 returned 1
------------------
_ZN37ComplexForecastTests_AddForecast_TestD2Ev:
function _ZN37ComplexForecastTests_AddForecast_TestD2Ev called 1 returned 100% blocks executed 100%
        1:    4:TEST(ComplexForecastTests, AddForecast) {
        1:    4-block  0
call    0 returned 1
------------------
_ZN37ComplexForecastTests_AddForecast_Test8TestBodyEv:
function _ZN37ComplexForecastTests_AddForecast_Test8TestBodyEv called 1 returned 100% blocks executed 31%
        1:    4:TEST(ComplexForecastTests, AddForecast) {
        1:    5:    ComplexForecast forecasts;
        1:    5-block  0
call    0 returned 1
branch  1 taken 1 (fallthrough)
branch  2 taken 0 (throw)
        2:    6:    SimpleForecast forecast(1234567890, -5.0, 0.0, 5.0, "солнечно", 0.0);
        1:    6-block  0
call    0 returned 1
call    1 returned 1
branch  2 taken 1 (fallthrough)
branch  3 taken 0 (throw)
        1:    6-block  1
call    4 returned 1
branch  5 taken 1 (fallthrough)
branch  6 taken 0 (throw)
call    7 returned 1
    $$$$$:    6-block  2
    $$$$$:    6-block  3
        1:    7:    forecasts.addForecast(forecast);
call    0 returned 1
branch  1 taken 1 (fallthrough)
branch  2 taken 0 (throw)
        -:    8:
       1*:    9:    EXPECT_EQ(forecasts[0].getTimestamp(), 1234567890);
        1:    9-block  0
call    0 returned 1
branch  1 taken 1 (fallthrough)
branch  2 taken 0 (throw)
        1:    9-block  1
call    3 returned 1
branch  4 taken 1 (fallthrough)
branch  5 taken 0 (throw)
        1:    9-block  2
call    6 returned 1
branch  7 taken 1 (fallthrough)
branch  8 taken 0 (throw)
        1:    9-block  3
call    9 returned 1
branch 10 taken 0 (fallthrough)
branch 11 taken 1
    %%%%%:    9-block  4
call   12 never executed
branch 13 never executed
branch 14 never executed
    %%%%%:    9-block  5
call   15 never executed
call   16 never executed
branch 17 never executed
branch 18 never executed
    %%%%%:    9-block  6
call   19 never executed
branch 20 never executed
branch 21 never executed
    %%%%%:    9-block  7
call   22 never executed
call   23 never executed
        1:    9-block  8
call   24 returned 1
    $$$$$:    9-block  9
    $$$$$:    9-block 10
    $$$$$:    9-block 11
call   25 never executed
    $$$$$:    9-block 12
    $$$$$:    9-block 13
call   26 never executed
    $$$$$:    9-block 14
    $$$$$:    9-block 15
call   27 never executed
       1*:   10:    EXPECT_FLOAT_EQ(forecasts[0].getMorningTemp(), -5.0);
call    0 returned 1
branch  1 taken 1 (fallthrough)
branch  2 taken 0 (throw)
        1:   10-block  0
call    3 returned 1
branch  4 taken 1 (fallthrough)
branch  5 taken 0 (throw)
        1:   10-block  1
call    6 returned 1
branch  7 taken 1 (fallthrough)
branch  8 taken 0 (throw)
        1:   10-block  2
call    9 returned 1
branch 10 taken 0 (fallthrough)
branch 11 taken 1
    %%%%%:   10-block  3
call   12 never executed
branch 13 never executed
branch 14 never executed
    %%%%%:   10-block  4
call   15 never executed
call   16 never executed
branch 17 never executed
branch 18 never executed
    %%%%%:   10-block  5
call   19 never executed
branch 20 never executed
branch 21 never executed
    %%%%%:   10-block  6
call   22 never executed
call   23 never executed
        1:   10-block  7
call   24 returned 1
    $$$$$:   10-block  8
call   25 never executed
    $$$$$:   10-block  9
    $$$$$:   10-block 10
call   26 never executed
    $$$$$:   10-block 11
    $$$$$:   10-block 12
call   27 never executed
       1*:   11:    EXPECT_FLOAT_EQ(forecasts[0].getDayTemp(), 0.0);
call    0 returned 1
branch  1 taken 1 (fallthrough)
branch  2 taken 0 (throw)
        1:   11-block  0
call    3 returned 1
branch  4 taken 1 (fallthrough)
branch  5 taken 0 (throw)
        1:   11-block  1
call    6 returned 1
branch  7 taken 1 (fallthrough)
branch  8 taken 0 (throw)
        1:   11-block  2
call    9 returned 1
branch 10 taken 0 (fallthrough)
branch 11 taken 1
    %%%%%:   11-block  3
call   12 never executed
branch 13 never executed
branch 14 never executed
    %%%%%:   11-block  4
call   15 never executed
call   16 never executed
branch 17 never executed
branch 18 never executed
    %%%%%:   11-block  5
call   19 never executed
branch 20 never executed
branch 21 never executed
    %%%%%:   11-block  6
call   22 never executed
call   23 never executed
        1:   11-block  7
call   24 returned 1
    $$$$$:   11-block  8
call   25 never executed
    $$$$$:   11-block  9
    $$$$$:   11-block 10
call   26 never executed
    $$$$$:   11-block 11
    $$$$$:   11-block 12
call   27 never executed
       1*:   12:    EXPECT_FLOAT_EQ(forecasts[0].getEveningTemp(), 5.0);
call    0 returned 1
branch  1 taken 1 (fallthrough)
branch  2 taken 0 (throw)
        1:   12-block  0
call    3 returned 1
branch  4 taken 1 (fallthrough)
branch  5 taken 0 (throw)
        1:   12-block  1
call    6 returned 1
branch  7 taken 1 (fallthrough)
branch  8 taken 0 (throw)
        1:   12-block  2
call    9 returned 1
branch 10 taken 0 (fallthrough)
branch 11 taken 1
    %%%%%:   12-block  3
call   12 never executed
branch 13 never executed
branch 14 never executed
    %%%%%:   12-block  4
call   15 never executed
call   16 never executed
branch 17 never executed
branch 18 never executed
    %%%%%:   12-block  5
call   19 never executed
branch 20 never executed
branch 21 never executed
    %%%%%:   12-block  6
call   22 never executed
call   23 never executed
        1:   12-block  7
call   24 returned 1
    $$$$$:   12-block  8
call   25 never executed
    $$$$$:   12-block  9
    $$$$$:   12-block 10
call   26 never executed
    $$$$$:   12-block 11
    $$$$$:   12-block 12
call   27 never executed
        1:   13:}
call    0 returned 1
call    1 returned 1
    $$$$$:   13-block  0
call    2 never executed
    $$$$$:   13-block  1
call    3 never executed
------------------
        -:   14:
        4:   15:TEST(ComplexForecastTests, RemoveForecast) {
        1:   16:    ComplexForecast forecasts;
        2:   17:    SimpleForecast forecast1(1234567890, -5.0, 0.0, 5.0, "солнечно", 0.0);
        2:   18:    SimpleForecast forecast2(2234567890, 0.0, 5.0, 10.0, "облачно", 0.0);
        1:   19:    forecasts.addForecast(forecast1);
        1:   20:    forecasts.addForecast(forecast2);
        -:   21:
        1:   22:    forecasts.removeForecast(0);
        -:   23:
       1*:   24:    EXPECT_EQ(forecasts[0].getTimestamp(), 2234567890);
        1:   25:}
------------------
_ZN40ComplexForecastTests_RemoveForecast_TestC2Ev:
function _ZN40ComplexForecastTests_RemoveForecast_TestC2Ev called 1 returned 100% blocks executed 100%
        1:   15:TEST(ComplexForecastTests, RemoveForecast) {
        1:   15-block  0
call    0 returned 1
------------------
_ZN40ComplexForecastTests_RemoveForecast_TestD0Ev:
function _ZN40ComplexForecastTests_RemoveForecast_TestD0Ev called 1 returned 100% blocks executed 100%
        1:   15:TEST(ComplexForecastTests, RemoveForecast) {
        1:   15-block  0
call    0 returned 1
call    1 returned 1
------------------
_ZN40ComplexForecastTests_RemoveForecast_TestD2Ev:
function _ZN40ComplexForecastTests_RemoveForecast_TestD2Ev called 1 returned 100% blocks executed 100%
        1:   15:TEST(ComplexForecastTests, RemoveForecast) {
        1:   15-block  0
call    0 returned 1
------------------
_ZN40ComplexForecastTests_RemoveForecast_Test8TestBodyEv:
function _ZN40ComplexForecastTests_RemoveForecast_Test8TestBodyEv called 1 returned 100% blocks executed 40%
        1:   15:TEST(ComplexForecastTests, RemoveForecast) {
        1:   16:    ComplexForecast forecasts;
        1:   16-block  0
call    0 returned 1
branch  1 taken 1 (fallthrough)
branch  2 taken 0 (throw)
        2:   17:    SimpleForecast forecast1(1234567890, -5.0, 0.0, 5.0, "солнечно", 0.0);
        1:   17-block  0
call    0 returned 1
call    1 returned 1
branch  2 taken 1 (fallthrough)
branch  3 taken 0 (throw)
        1:   17-block  1
call    4 returned 1
branch  5 taken 1 (fallthrough)
branch  6 taken 0 (throw)
call    7 returned 1
    $$$$$:   17-block  2
    $$$$$:   17-block  3
        2:   18:    SimpleForecast forecast2(2234567890, 0.0, 5.0, 10.0, "облачно", 0.0);
call    0 returned 1
call    1 returned 1
branch  2 taken 1 (fallthrough)
branch  3 taken 0 (throw)
        1:   18-block  0
call    4 returned 1
branch  5 taken 1 (fallthrough)
branch  6 taken 0 (throw)
call    7 returned 1
    $$$$$:   18-block  1
    $$$$$:   18-block  2
        1:   19:    forecasts.addForecast(forecast1);
call    0 returned 1
branch  1 taken 1 (fallthrough)
branch  2 taken 0 (throw)
        1:   20:    forecasts.addForecast(forecast2);
        1:   20-block  0
call    0 returned 1
branch  1 taken 1 (fallthrough)
branch  2 taken 0 (throw)
        -:   21:
        1:   22:    forecasts.removeForecast(0);
        1:   22-block  0
call    0 returned 1
branch  1 taken 1 (fallthrough)
branch  2 taken 0 (throw)
        -:   23:
       1*:   24:    EXPECT_EQ(forecasts[0].getTimestamp(), 2234567890);
        1:   24-block  0
call    0 returned 1
branch  1 taken 1 (fallthrough)
branch  2 taken 0 (throw)
        1:   24-block  1
call    3 returned 1
branch  4 taken 1 (fallthrough)
branch  5 taken 0 (throw)
        1:   24-block  2
call    6 returned 1
branch  7 taken 1 (fallthrough)
branch  8 taken 0 (throw)
        1:   24-block  3
call    9 returned 1
branch 10 taken 0 (fallthrough)
branch 11 taken 1
    %%%%%:   24-block  4
call   12 never executed
branch 13 never executed
branch 14 never executed
    %%%%%:   24-block  5
call   15 never executed
call   16 never executed
branch 17 never executed
branch 18 never executed
    %%%%%:   24-block  6
call   19 never executed
branch 20 never executed
branch 21 never executed
    %%%%%:   24-block  7
call   22 never executed
call   23 never executed
        1:   24-block  8
call   24 returned 1
    $$$$$:   24-block  9
    $$$$$:   24-block 10
    $$$$$:   24-block 11
call   25 never executed
    $$$$$:   24-block 12
    $$$$$:   24-block 13
call   26 never executed
    $$$$$:   24-block 14
    $$$$$:   24-block 15
call   27 never executed
        1:   25:}
call    0 returned 1
call    1 returned 1
call    2 returned 1
    $$$$$:   25-block  0
call    3 never executed
    $$$$$:   25-block  1
call    4 never executed
    $$$$$:   25-block  2
call    5 never executed
------------------
        -:   26:
        4:   27:TEST(ComplexForecastTests, FindColdestDay) {
        1:   28:    ComplexForecast forecasts;
        2:   29:    SimpleForecast forecast1(1234567890, -5.0, 0.0, 5.0, "солнечно", 0.0);
        2:   30:    SimpleForecast forecast2(2234567890, -10.0, -5.0, 0.0, "облачно", 0.0);
        1:   31:    forecasts.addForecast(forecast1);
        1:   32:    forecasts.addForecast(forecast2);
        -:   33:
        1:   34:    SimpleForecast coldest = forecasts.findColdestDay();
       1*:   35:    EXPECT_EQ(coldest.getTimestamp(), 2234567890);
        1:   36:}
------------------
_ZN40ComplexForecastTests_FindColdestDay_TestC2Ev:
function _ZN40ComplexForecastTests_FindColdestDay_TestC2Ev called 1 returned 100% blocks executed 100%
        1:   27:TEST(ComplexForecastTests, FindColdestDay) {
        1:   27-block  0
call    0 returned 1
------------------
_ZN40ComplexForecastTests_FindColdestDay_TestD0Ev:
function _ZN40ComplexForecastTests_FindColdestDay_TestD0Ev called 1 returned 100% blocks executed 100%
        1:   27:TEST(ComplexForecastTests, FindColdestDay) {
        1:   27-block  0
call    0 returned 1
call    1 returned 1
------------------
_ZN40ComplexForecastTests_FindColdestDay_TestD2Ev:
function _ZN40ComplexForecastTests_FindColdestDay_TestD2Ev called 1 returned 100% blocks executed 100%
        1:   27:TEST(ComplexForecastTests, FindColdestDay) {
        1:   27-block  0
call    0 returned 1
------------------
_ZN40ComplexForecastTests_FindColdestDay_Test8TestBodyEv:
function _ZN40ComplexForecastTests_FindColdestDay_Test8TestBodyEv called 1 returned 100% blocks executed 38%
        1:   27:TEST(ComplexForecastTests, FindColdestDay) {
        1:   28:    ComplexForecast forecasts;
        1:   28-block  0
call    0 returned 1
branch  1 taken 1 (fallthrough)
branch  2 taken 0 (throw)
        2:   29:    SimpleForecast forecast1(1234567890, -5.0, 0.0, 5.0, "солнечно", 0.0);
        1:   29-block  0
call    0 returned 1
call    1 returned 1
branch  2 taken 1 (fallthrough)
branch  3 taken 0 (throw)
        1:   29-block  1
call    4 returned 1
branch  5 taken 1 (fallthrough)
branch  6 taken 0 (throw)
call    7 returned 1
    $$$$$:   29-block  2
    $$$$$:   29-block  3
        2:   30:    SimpleForecast forecast2(2234567890, -10.0, -5.0, 0.0, "облачно", 0.0);
call    0 returned 1
call    1 returned 1
branch  2 taken 1 (fallthrough)
branch  3 taken 0 (throw)
        1:   30-block  0
call    4 returned 1
branch  5 taken 1 (fallthrough)
branch  6 taken 0 (throw)
call    7 returned 1
    $$$$$:   30-block  1
    $$$$$:   30-block  2
        1:   31:    forecasts.addForecast(forecast1);
call    0 returned 1
branch  1 taken 1 (fallthrough)
branch  2 taken 0 (throw)
        1:   32:    forecasts.addForecast(forecast2);
        1:   32-block  0
call    0 returned 1
branch  1 taken 1 (fallthrough)
branch  2 taken 0 (throw)
        -:   33:
        1:   34:    SimpleForecast coldest = forecasts.findColdestDay();
        1:   34-block  0
call    0 returned 1
branch  1 taken 1 (fallthrough)
branch  2 taken 0 (throw)
       1*:   35:    EXPECT_EQ(coldest.getTimestamp(), 2234567890);
        1:   35-block  0
call    0 returned 1
branch  1 taken 1 (fallthrough)
branch  2 taken 0 (throw)
        1:   35-block  1
call    3 returned 1
branch  4 taken 1 (fallthrough)
branch  5 taken 0 (throw)
        1:   35-block  2
call    6 returned 1
branch  7 taken 0 (fallthrough)
branch  8 taken 1
    %%%%%:   35-block  3
call    9 never executed
branch 10 never executed
branch 11 never executed
    %%%%%:   35-block  4
call   12 never executed
call   13 never executed
branch 14 never executed
branch 15 never executed
    %%%%%:   35-block  5
call   16 never executed
branch 17 never executed
branch 18 never executed
    %%%%%:   35-block  6
call   19 never executed
call   20 never executed
        1:   35-block  7
call   21 returned 1
    $$$$$:   35-block  8
    $$$$$:   35-block  9
    $$$$$:   35-block 10
call   22 never executed
    $$$$$:   35-block 11
    $$$$$:   35-block 12
call   23 never executed
    $$$$$:   35-block 13
    $$$$$:   35-block 14
call   24 never executed
        1:   36:}
call    0 returned 1
call    1 returned 1
call    2 returned 1
call    3 returned 1
    $$$$$:   36-block  0
call    4 never executed
    $$$$$:   36-block  1
call    5 never executed
    $$$$$:   36-block  2
call    6 never executed
    $$$$$:   36-block  3
call    7 never executed
------------------
        -:   37:
        4:   38:TEST(ComplexForecastTests, Resize) {
        1:   39:    ComplexForecast forecasts;
       16:   40:    for (int i = 0; i < 15; ++i) {
       30:   41:        SimpleForecast forecast(1234567890 + i, -5.0, 0.0, 5.0, "солнечно", 0.0);
       15:   42:        forecasts.addForecast(forecast);
       15:   43:    }
        -:   44:
       1*:   45:    EXPECT_EQ(forecasts[14].getTimestamp(), 1234567890 + 14);
        1:   46:}
------------------
_ZN32ComplexForecastTests_Resize_TestC2Ev:
function _ZN32ComplexForecastTests_Resize_TestC2Ev called 1 returned 100% blocks executed 100%
        1:   38:TEST(ComplexForecastTests, Resize) {
        1:   38-block  0
call    0 returned 1
------------------
_ZN32ComplexForecastTests_Resize_TestD0Ev:
function _ZN32ComplexForecastTests_Resize_TestD0Ev called 1 returned 100% blocks executed 100%
        1:   38:TEST(ComplexForecastTests, Resize) {
        1:   38-block  0
call    0 returned 1
call    1 returned 1
------------------
_ZN32ComplexForecastTests_Resize_TestD2Ev:
function _ZN32ComplexForecastTests_Resize_TestD2Ev called 1 returned 100% blocks executed 100%
        1:   38:TEST(ComplexForecastTests, Resize) {
        1:   38-block  0
call    0 returned 1
------------------
_ZN32ComplexForecastTests_Resize_Test8TestBodyEv:
function _ZN32ComplexForecastTests_Resize_Test8TestBodyEv called 1 returned 100% blocks executed 39%
        1:   38:TEST(ComplexForecastTests, Resize) {
        1:   39:    ComplexForecast forecasts;
        1:   39-block  0
call    0 returned 1
branch  1 taken 1 (fallthrough)
branch  2 taken 0 (throw)
       16:   40:    for (int i = 0; i < 15; ++i) {
        1:   40-block  0
       16:   40-block  1
branch  0 taken 15
branch  1 taken 1 (fallthrough)
       30:   41:        SimpleForecast forecast(1234567890 + i, -5.0, 0.0, 5.0, "солнечно", 0.0);
       15:   41-block  0
call    0 returned 15
call    1 returned 15
branch  2 taken 15 (fallthrough)
branch  3 taken 0 (throw)
       15:   41-block  1
call    4 returned 15
branch  5 taken 15 (fallthrough)
branch  6 taken 0 (throw)
call    7 returned 15
    $$$$$:   41-block  2
    $$$$$:   41-block  3
       15:   42:        forecasts.addForecast(forecast);
call    0 returned 15
branch  1 taken 15 (fallthrough)
branch  2 taken 0 (throw)
       15:   43:    }
       15:   43-block  0
call    0 returned 15
    $$$$$:   43-block  1
call    1 never executed
        -:   44:
       1*:   45:    EXPECT_EQ(forecasts[14].getTimestamp(), 1234567890 + 14);
        1:   45-block  0
call    0 returned 1
branch  1 taken 1 (fallthrough)
branch  2 taken 0 (throw)
        1:   45-block  1
call    3 returned 1
branch  4 taken 1 (fallthrough)
branch  5 taken 0 (throw)
        1:   45-block  2
call    6 returned 1
branch  7 taken 1 (fallthrough)
branch  8 taken 0 (throw)
        1:   45-block  3
call    9 returned 1
branch 10 taken 0 (fallthrough)
branch 11 taken 1
    %%%%%:   45-block  4
call   12 never executed
branch 13 never executed
branch 14 never executed
    %%%%%:   45-block  5
call   15 never executed
call   16 never executed
branch 17 never executed
branch 18 never executed
    %%%%%:   45-block  6
call   19 never executed
branch 20 never executed
branch 21 never executed
    %%%%%:   45-block  7
call   22 never executed
call   23 never executed
        1:   45-block  8
call   24 returned 1
    $$$$$:   45-block  9
    $$$$$:   45-block 10
    $$$$$:   45-block 11
call   25 never executed
    $$$$$:   45-block 12
    $$$$$:   45-block 13
call   26 never executed
    $$$$$:   45-block 14
    $$$$$:   45-block 15
call   27 never executed
        1:   46:}
call    0 returned 1
    $$$$$:   46-block  0
call    1 never executed
------------------
